Flow report for lab3
Wed Oct 30 08:01:01 2024
Quartus II 64-Bit Version 13.0.1 Build 232 06/12/2013 Service Pack 1 SJ Web Edition


---------------------
; Table of Contents ;
---------------------
  1. Legal Notice
  2. Flow Summary
  3. Flow Settings
  4. Flow Non-Default Global Settings
  5. Flow Elapsed Time
  6. Flow OS Summary
  7. Flow Log
  8. Flow Messages
  9. Flow Suppressed Messages



----------------
; Legal Notice ;
----------------
Copyright (C) 1991-2013 Altera Corporation
Your use of Altera Corporation's design tools, logic functions 
and other software and tools, and its AMPP partner logic 
functions, and any output files from any of the foregoing 
(including device programming or simulation files), and any 
associated documentation or information are expressly subject 
to the terms and conditions of the Altera Program License 
Subscription Agreement, Altera MegaCore Function License 
Agreement, or other applicable license agreement, including, 
without limitation, that your use is for the sole purpose of 
programming logic devices manufactured by Altera and sold by 
Altera or its authorized distributors.  Please refer to the 
applicable agreement for further details.



+--------------------------------------------------------------------------------------+
; Flow Summary                                                                         ;
+------------------------------------+-------------------------------------------------+
; Flow Status                        ; Successful - Wed Oct 30 08:01:01 2024           ;
; Quartus II 64-Bit Version          ; 13.0.1 Build 232 06/12/2013 SP 1 SJ Web Edition ;
; Revision Name                      ; lab3                                            ;
; Top-level Entity Name              ; lab3                                            ;
; Family                             ; Cyclone II                                      ;
; Device                             ; EP2C5T144C8                                     ;
; Timing Models                      ; Final                                           ;
; Total logic elements               ; 1,634 / 4,608 ( 35 % )                          ;
;     Total combinational functions  ; 1,529 / 4,608 ( 33 % )                          ;
;     Dedicated logic registers      ; 917 / 4,608 ( 20 % )                            ;
; Total registers                    ; 917                                             ;
; Total pins                         ; 8 / 89 ( 9 % )                                  ;
; Total virtual pins                 ; 0                                               ;
; Total memory bits                  ; 44,032 / 119,808 ( 37 % )                       ;
; Embedded Multiplier 9-bit elements ; 0 / 26 ( 0 % )                                  ;
; Total PLLs                         ; 0 / 2 ( 0 % )                                   ;
+------------------------------------+-------------------------------------------------+


+-----------------------------------------+
; Flow Settings                           ;
+-------------------+---------------------+
; Option            ; Setting             ;
+-------------------+---------------------+
; Start date & time ; 10/30/2024 08:00:11 ;
; Main task         ; Compilation         ;
; Revision Name     ; lab3                ;
+-------------------+---------------------+


+-----------------------------------------------------------------------------------------------------------------------------------------------------------------------+
; Flow Non-Default Global Settings                                                                                                                                      ;
+-------------------------------------+--------------------------------------------------------+---------------+---------------------------------+----------------------+
; Assignment Name                     ; Value                                                  ; Default Value ; Entity Name                     ; Section Id           ;
+-------------------------------------+--------------------------------------------------------+---------------+---------------------------------+----------------------+
; COMPILER_SIGNATURE_ID               ; 4681964703626.173029321116416                          ; --            ; --                              ; --                   ;
; EDA_DESIGN_ENTRY_SYNTHESIS_TOOL     ; Custom                                                 ; <None>        ; --                              ; --                   ;
; EDA_INPUT_DATA_FORMAT               ; Vhdl                                                   ; --            ; --                              ; eda_design_synthesis ;
; EDA_OUTPUT_DATA_FORMAT              ; Vhdl                                                   ; --            ; --                              ; eda_simulation       ;
; EDA_SIMULATION_TOOL                 ; ModelSim-Altera (VHDL)                                 ; <None>        ; --                              ; --                   ;
; IP_TOOL_ENV                         ; Qsys                                                   ; --            ; altera_avalon_sc_fifo           ; --                   ;
; IP_TOOL_ENV                         ; Qsys                                                   ; --            ; altera_merlin_master_agent      ; --                   ;
; IP_TOOL_ENV                         ; Qsys                                                   ; --            ; altera_merlin_master_translator ; --                   ;
; IP_TOOL_ENV                         ; Qsys                                                   ; --            ; altera_merlin_slave_agent       ; --                   ;
; IP_TOOL_ENV                         ; Qsys                                                   ; --            ; altera_merlin_slave_translator  ; --                   ;
; IP_TOOL_ENV                         ; Qsys                                                   ; --            ; altera_reset_controller         ; --                   ;
; IP_TOOL_ENV                         ; Qsys                                                   ; --            ; --                              ; --                   ;
; IP_TOOL_ENV                         ; Qsys                                                   ; --            ; lab3_addr_router                ; --                   ;
; IP_TOOL_ENV                         ; Qsys                                                   ; --            ; lab3_addr_router_001            ; --                   ;
; IP_TOOL_ENV                         ; Qsys                                                   ; --            ; lab3_cmd_xbar_demux             ; --                   ;
; IP_TOOL_ENV                         ; Qsys                                                   ; --            ; lab3_cmd_xbar_demux_001         ; --                   ;
; IP_TOOL_ENV                         ; Qsys                                                   ; --            ; lab3_cmd_xbar_mux               ; --                   ;
; IP_TOOL_ENV                         ; Qsys                                                   ; --            ; lab3_cpu                        ; --                   ;
; IP_TOOL_ENV                         ; Qsys                                                   ; --            ; lab3_id_router                  ; --                   ;
; IP_TOOL_ENV                         ; Qsys                                                   ; --            ; lab3_id_router_002              ; --                   ;
; IP_TOOL_ENV                         ; Qsys                                                   ; --            ; lab3_irq_mapper                 ; --                   ;
; IP_TOOL_ENV                         ; Qsys                                                   ; --            ; lab3_jtag_uart_0                ; --                   ;
; IP_TOOL_ENV                         ; Qsys                                                   ; --            ; lab3_onchip_memory2_0           ; --                   ;
; IP_TOOL_ENV                         ; Qsys                                                   ; --            ; lab3_pio_0                      ; --                   ;
; IP_TOOL_ENV                         ; Qsys                                                   ; --            ; lab3_pio_1                      ; --                   ;
; IP_TOOL_ENV                         ; Qsys                                                   ; --            ; lab3_rsp_xbar_demux_002         ; --                   ;
; IP_TOOL_ENV                         ; Qsys                                                   ; --            ; lab3_rsp_xbar_mux               ; --                   ;
; IP_TOOL_ENV                         ; Qsys                                                   ; --            ; lab3_rsp_xbar_mux_001           ; --                   ;
; IP_TOOL_NAME                        ; altera_avalon_sc_fifo                                  ; --            ; altera_avalon_sc_fifo           ; --                   ;
; IP_TOOL_NAME                        ; altera_merlin_master_agent                             ; --            ; altera_merlin_master_agent      ; --                   ;
; IP_TOOL_NAME                        ; altera_merlin_master_translator                        ; --            ; altera_merlin_master_translator ; --                   ;
; IP_TOOL_NAME                        ; altera_merlin_slave_agent                              ; --            ; altera_merlin_slave_agent       ; --                   ;
; IP_TOOL_NAME                        ; altera_merlin_slave_translator                         ; --            ; altera_merlin_slave_translator  ; --                   ;
; IP_TOOL_NAME                        ; altera_reset_controller                                ; --            ; altera_reset_controller         ; --                   ;
; IP_TOOL_NAME                        ; Qsys                                                   ; --            ; --                              ; --                   ;
; IP_TOOL_NAME                        ; altera_merlin_router                                   ; --            ; lab3_addr_router                ; --                   ;
; IP_TOOL_NAME                        ; altera_merlin_router                                   ; --            ; lab3_addr_router_001            ; --                   ;
; IP_TOOL_NAME                        ; altera_merlin_demultiplexer                            ; --            ; lab3_cmd_xbar_demux             ; --                   ;
; IP_TOOL_NAME                        ; altera_merlin_demultiplexer                            ; --            ; lab3_cmd_xbar_demux_001         ; --                   ;
; IP_TOOL_NAME                        ; altera_merlin_multiplexer                              ; --            ; lab3_cmd_xbar_mux               ; --                   ;
; IP_TOOL_NAME                        ; altera_nios2_qsys                                      ; --            ; lab3_cpu                        ; --                   ;
; IP_TOOL_NAME                        ; altera_merlin_router                                   ; --            ; lab3_id_router                  ; --                   ;
; IP_TOOL_NAME                        ; altera_merlin_router                                   ; --            ; lab3_id_router_002              ; --                   ;
; IP_TOOL_NAME                        ; altera_irq_mapper                                      ; --            ; lab3_irq_mapper                 ; --                   ;
; IP_TOOL_NAME                        ; altera_avalon_jtag_uart                                ; --            ; lab3_jtag_uart_0                ; --                   ;
; IP_TOOL_NAME                        ; altera_avalon_onchip_memory2                           ; --            ; lab3_onchip_memory2_0           ; --                   ;
; IP_TOOL_NAME                        ; altera_avalon_pio                                      ; --            ; lab3_pio_0                      ; --                   ;
; IP_TOOL_NAME                        ; altera_avalon_pio                                      ; --            ; lab3_pio_1                      ; --                   ;
; IP_TOOL_NAME                        ; altera_merlin_demultiplexer                            ; --            ; lab3_rsp_xbar_demux_002         ; --                   ;
; IP_TOOL_NAME                        ; altera_merlin_multiplexer                              ; --            ; lab3_rsp_xbar_mux               ; --                   ;
; IP_TOOL_NAME                        ; altera_merlin_multiplexer                              ; --            ; lab3_rsp_xbar_mux_001           ; --                   ;
; IP_TOOL_VERSION                     ; 13.0                                                   ; --            ; altera_avalon_sc_fifo           ; --                   ;
; IP_TOOL_VERSION                     ; 13.0                                                   ; --            ; altera_merlin_master_agent      ; --                   ;
; IP_TOOL_VERSION                     ; 13.0                                                   ; --            ; altera_merlin_master_translator ; --                   ;
; IP_TOOL_VERSION                     ; 13.0                                                   ; --            ; altera_merlin_slave_agent       ; --                   ;
; IP_TOOL_VERSION                     ; 13.0                                                   ; --            ; altera_merlin_slave_translator  ; --                   ;
; IP_TOOL_VERSION                     ; 13.0                                                   ; --            ; altera_reset_controller         ; --                   ;
; IP_TOOL_VERSION                     ; 13.0sp1                                                ; --            ; --                              ; --                   ;
; IP_TOOL_VERSION                     ; 13.0                                                   ; --            ; lab3_addr_router                ; --                   ;
; IP_TOOL_VERSION                     ; 13.0                                                   ; --            ; lab3_addr_router_001            ; --                   ;
; IP_TOOL_VERSION                     ; 13.0                                                   ; --            ; lab3_cmd_xbar_demux             ; --                   ;
; IP_TOOL_VERSION                     ; 13.0                                                   ; --            ; lab3_cmd_xbar_demux_001         ; --                   ;
; IP_TOOL_VERSION                     ; 13.0                                                   ; --            ; lab3_cmd_xbar_mux               ; --                   ;
; IP_TOOL_VERSION                     ; 13.0                                                   ; --            ; lab3_cpu                        ; --                   ;
; IP_TOOL_VERSION                     ; 13.0                                                   ; --            ; lab3_id_router                  ; --                   ;
; IP_TOOL_VERSION                     ; 13.0                                                   ; --            ; lab3_id_router_002              ; --                   ;
; IP_TOOL_VERSION                     ; 13.0                                                   ; --            ; lab3_irq_mapper                 ; --                   ;
; IP_TOOL_VERSION                     ; 13.0.1.99.2                                            ; --            ; lab3_jtag_uart_0                ; --                   ;
; IP_TOOL_VERSION                     ; 13.0.1.99.2                                            ; --            ; lab3_onchip_memory2_0           ; --                   ;
; IP_TOOL_VERSION                     ; 13.0.1.99.2                                            ; --            ; lab3_pio_0                      ; --                   ;
; IP_TOOL_VERSION                     ; 13.0.1.99.2                                            ; --            ; lab3_pio_1                      ; --                   ;
; IP_TOOL_VERSION                     ; 13.0                                                   ; --            ; lab3_rsp_xbar_demux_002         ; --                   ;
; IP_TOOL_VERSION                     ; 13.0                                                   ; --            ; lab3_rsp_xbar_mux               ; --                   ;
; IP_TOOL_VERSION                     ; 13.0                                                   ; --            ; lab3_rsp_xbar_mux_001           ; --                   ;
; MAX_CORE_JUNCTION_TEMP              ; 85                                                     ; --            ; --                              ; --                   ;
; MIN_CORE_JUNCTION_TEMP              ; 0                                                      ; --            ; --                              ; --                   ;
; MISC_FILE                           ; lab3/synthesis/../../lab3.cmp                          ; --            ; --                              ; --                   ;
; MISC_FILE                           ; lab3/synthesis/../../lab3.qsys                         ; --            ; --                              ; --                   ;
; PARTITION_COLOR                     ; 16764057                                               ; --            ; --                              ; Top                  ;
; PARTITION_FITTER_PRESERVATION_LEVEL ; PLACEMENT_AND_ROUTING                                  ; --            ; --                              ; Top                  ;
; PARTITION_NETLIST_TYPE              ; SOURCE                                                 ; --            ; --                              ; Top                  ;
; POWER_BOARD_THERMAL_MODEL           ; None (CONSERVATIVE)                                    ; --            ; --                              ; --                   ;
; POWER_PRESET_COOLING_SOLUTION       ; 23 MM HEAT SINK WITH 200 LFPM AIRFLOW                  ; --            ; --                              ; --                   ;
; PROJECT_OUTPUT_DIRECTORY            ; output_files                                           ; --            ; --                              ; --                   ;
; SLD_INFO                            ; QSYS_NAME lab3 HAS_SOPCINFO 1 GENERATION_ID 1730293103 ; --            ; --                              ; --                   ;
; SOPCINFO_FILE                       ; lab3/synthesis/../../lab3.sopcinfo                     ; --            ; --                              ; --                   ;
; SYNTHESIS_ONLY_QIP                  ; On                                                     ; --            ; --                              ; --                   ;
+-------------------------------------+--------------------------------------------------------+---------------+---------------------------------+----------------------+


+-------------------------------------------------------------------------------------------------------------------------------+
; Flow Elapsed Time                                                                                                             ;
+---------------------------+--------------+-------------------------+---------------------+------------------------------------+
; Module Name               ; Elapsed Time ; Average Processors Used ; Peak Virtual Memory ; Total CPU Time (on all processors) ;
+---------------------------+--------------+-------------------------+---------------------+------------------------------------+
; Analysis & Synthesis      ; 00:00:19     ; 1.0                     ; 4717 MB             ; 00:00:09                           ;
; Fitter                    ; 00:00:15     ; 1.0                     ; 4823 MB             ; 00:00:07                           ;
; Assembler                 ; 00:00:02     ; 1.0                     ; 4552 MB             ; 00:00:01                           ;
; TimeQuest Timing Analyzer ; 00:00:03     ; 1.0                     ; 4559 MB             ; 00:00:01                           ;
; EDA Netlist Writer        ; 00:00:04     ; 1.0                     ; 4540 MB             ; 00:00:02                           ;
; Total                     ; 00:00:43     ; --                      ; --                  ; 00:00:20                           ;
+---------------------------+--------------+-------------------------+---------------------+------------------------------------+


+----------------------------------------------------------------------------------------+
; Flow OS Summary                                                                        ;
+---------------------------+------------------+-----------+------------+----------------+
; Module Name               ; Machine Hostname ; OS Name   ; OS Version ; Processor type ;
+---------------------------+------------------+-----------+------------+----------------+
; Analysis & Synthesis      ; LAPTOP-OV8HG99B  ; Windows 7 ; 6.2        ; x86_64         ;
; Fitter                    ; LAPTOP-OV8HG99B  ; Windows 7 ; 6.2        ; x86_64         ;
; Assembler                 ; LAPTOP-OV8HG99B  ; Windows 7 ; 6.2        ; x86_64         ;
; TimeQuest Timing Analyzer ; LAPTOP-OV8HG99B  ; Windows 7 ; 6.2        ; x86_64         ;
; EDA Netlist Writer        ; LAPTOP-OV8HG99B  ; Windows 7 ; 6.2        ; x86_64         ;
+---------------------------+------------------+-----------+------------+----------------+


------------
; Flow Log ;
------------
quartus_map --read_settings_files=on --write_settings_files=off lab3 -c lab3
quartus_fit --read_settings_files=off --write_settings_files=off lab3 -c lab3
quartus_asm --read_settings_files=off --write_settings_files=off lab3 -c lab3
quartus_sta lab3 -c lab3
quartus_eda --read_settings_files=off --write_settings_files=off lab3 -c lab3



