Info: Starting: Create block symbol file (.bsf)
Info: ip-generate --project-directory=C:/UPC/DDIGITAL/pru1/ --output-directory=C:/UPC/DDIGITAL/pru1/pru1/ --report-file=bsf:C:/UPC/DDIGITAL/pru1/pru1.bsf --system-info=DEVICE_FAMILY="Cyclone II" --system-info=DEVICE=EP2C5T144C8 --system-info=DEVICE_SPEEDGRADE=8 --component-file=C:/UPC/DDIGITAL/pru1/pru1.qsys
Progress: Loading pru1/pru1.qsys
Progress: Reading input file
Progress: Adding clk [clock_source 13.0]
Progress: Parameterizing module clk
Progress: Adding cpu [altera_nios2_qsys 13.0]
Progress: Parameterizing module cpu
Progress: Adding memoria [altera_avalon_onchip_memory2 13.0.1.99.2]
Progress: Parameterizing module memoria
Progress: Adding jtag [altera_avalon_jtag_uart 13.0.1.99.2]
Progress: Parameterizing module jtag
Progress: Adding leds [altera_avalon_pio 13.0.1.99.2]
Progress: Parameterizing module leds
Progress: Building connections
Progress: Parameterizing connections
Progress: Validating
Progress: Done reading input file
Info: ip-generate succeeded.
Info: Finished: Create block symbol file (.bsf)
Info: 
Info: Starting: Create HDL design files for synthesis
Info: ip-generate --project-directory=C:/UPC/DDIGITAL/pru1/ --output-directory=C:/UPC/DDIGITAL/pru1/pru1/synthesis/ --file-set=QUARTUS_SYNTH --report-file=sopcinfo:C:/UPC/DDIGITAL/pru1/pru1.sopcinfo --report-file=html:C:/UPC/DDIGITAL/pru1/pru1.html --report-file=qip:C:/UPC/DDIGITAL/pru1/pru1/synthesis/pru1.qip --report-file=cmp:C:/UPC/DDIGITAL/pru1/pru1.cmp --report-file=svd --system-info=DEVICE_FAMILY="Cyclone II" --system-info=DEVICE=EP2C5T144C8 --system-info=DEVICE_SPEEDGRADE=8 --component-file=C:/UPC/DDIGITAL/pru1/pru1.qsys --language=VHDL
Progress: Loading pru1/pru1.qsys
Progress: Reading input file
Progress: Adding clk [clock_source 13.0]
Progress: Parameterizing module clk
Progress: Adding cpu [altera_nios2_qsys 13.0]
Progress: Parameterizing module cpu
Progress: Adding memoria [altera_avalon_onchip_memory2 13.0.1.99.2]
Progress: Parameterizing module memoria
Progress: Adding jtag [altera_avalon_jtag_uart 13.0.1.99.2]
Progress: Parameterizing module jtag
Progress: Adding leds [altera_avalon_pio 13.0.1.99.2]
Progress: Parameterizing module leds
Progress: Building connections
Progress: Parameterizing connections
Progress: Validating
Progress: Done reading input file
Info: pru1: Generating pru1 "pru1" for QUARTUS_SYNTH
Info: pipeline_bridge_swap_transform: After transform: 5 modules, 15 connections
Info: No custom instruction connections, skipping transform 
Info: merlin_translator_transform: After transform: 11 modules, 33 connections
Info: merlin_domain_transform: After transform: 22 modules, 89 connections
Info: merlin_router_transform: After transform: 28 modules, 107 connections
Info: reset_adaptation_transform: After transform: 29 modules, 109 connections
Info: merlin_network_to_switch_transform: After transform: 40 modules, 133 connections
Info: merlin_mm_transform: After transform: 40 modules, 133 connections
Info: merlin_interrupt_mapper_transform: After transform: 41 modules, 136 connections
Warning: pru1: "No matching role found for rst_controller:reset_out:reset_req (reset_req)"
Warning: pru1: "No matching role found for rst_controller:reset_out:reset_req (reset_req)"
Warning: pru1: "No matching role found for rst_controller:reset_out:reset_req (reset_req)"
Warning: pru1: "No matching role found for rst_controller:reset_out:reset_req (reset_req)"
Warning: pru1: "No matching role found for rst_controller:reset_out:reset_req (reset_req)"
Warning: pru1: "No matching role found for rst_controller:reset_out:reset_req (reset_req)"
Warning: pru1: "No matching role found for rst_controller:reset_out:reset_req (reset_req)"
Warning: pru1: "No matching role found for rst_controller:reset_out:reset_req (reset_req)"
Warning: pru1: "No matching role found for rst_controller:reset_out:reset_req (reset_req)"
Warning: pru1: "No matching role found for rst_controller:reset_out:reset_req (reset_req)"
Warning: pru1: "No matching role found for rst_controller:reset_out:reset_req (reset_req)"
Warning: pru1: "No matching role found for rst_controller:reset_out:reset_req (reset_req)"
Warning: pru1: "No matching role found for rst_controller:reset_out:reset_req (reset_req)"
Warning: pru1: "No matching role found for rst_controller:reset_out:reset_req (reset_req)"
Warning: pru1: "No matching role found for rst_controller:reset_out:reset_req (reset_req)"
Warning: pru1: "No matching role found for rst_controller:reset_out:reset_req (reset_req)"
Warning: pru1: "No matching role found for rst_controller:reset_out:reset_req (reset_req)"
Warning: pru1: "No matching role found for rst_controller:reset_out:reset_req (reset_req)"
Warning: pru1: "No matching role found for rst_controller:reset_out:reset_req (reset_req)"
Warning: pru1: "No matching role found for rst_controller:reset_out:reset_req (reset_req)"
Warning: pru1: "No matching role found for rst_controller:reset_out:reset_req (reset_req)"
Warning: pru1: "No matching role found for rst_controller:reset_out:reset_req (reset_req)"
Warning: pru1: "No matching role found for rst_controller:reset_out:reset_req (reset_req)"
Warning: pru1: "No matching role found for rst_controller:reset_out:reset_req (reset_req)"
Warning: pru1: "No matching role found for rst_controller:reset_out:reset_req (reset_req)"
Warning: pru1: "No matching role found for rst_controller:reset_out:reset_req (reset_req)"
Warning: pru1: "No matching role found for rst_controller:reset_out:reset_req (reset_req)"
Warning: pru1: "No matching role found for rst_controller:reset_out:reset_req (reset_req)"
Warning: pru1: "No matching role found for rst_controller:reset_out:reset_req (reset_req)"
Warning: pru1: "No matching role found for rst_controller:reset_out:reset_req (reset_req)"
Warning: pru1: "No matching role found for rst_controller:reset_out:reset_req (reset_req)"
Warning: pru1: "No matching role found for rst_controller:reset_out:reset_req (reset_req)"
Warning: pru1: "No matching role found for rst_controller:reset_out:reset_req (reset_req)"
Warning: pru1: "No matching role found for rst_controller:reset_out:reset_req (reset_req)"
Warning: pru1: "No matching role found for rst_controller:reset_out:reset_req (reset_req)"
Warning: pru1: "No matching role found for rst_controller:reset_out:reset_req (reset_req)"
Warning: pru1: "No matching role found for rst_controller:reset_out:reset_req (reset_req)"
Warning: pru1: "No matching role found for rst_controller:reset_out:reset_req (reset_req)"
Info: cpu: Starting RTL generation for module 'pru1_cpu'
Info: cpu:   Generation command is [exec C:/altera/13.0sp1/quartus/../ip/altera/nios2_ip/altera_nios2/eperl.exe -I C:/altera/13.0sp1/quartus/common/ip/altera/common/perl/5.8.3 -I C:/altera/13.0sp1/quartus/sopc_builder/bin/europa -I C:/altera/13.0sp1/quartus/sopc_builder/bin/perl_lib -I C:/altera/13.0sp1/quartus/sopc_builder/bin -I C:/altera/13.0sp1/quartus/../ip/altera/nios2_ip/altera_nios2/cpu_lib -I C:/altera/13.0sp1/quartus/../ip/altera/nios2_ip/altera_nios2/nios_lib -I C:/altera/13.0sp1/quartus/../ip/altera/nios2_ip/altera_nios2 -I C:/altera/13.0sp1/quartus/../ip/altera/nios2_ip/altera_nios2 -- C:/altera/13.0sp1/quartus/../ip/altera/nios2_ip/altera_nios2/generate_rtl.epl --name=pru1_cpu --dir=C:/Users/RREYM/AppData/Local/Temp/alt0038_5707264753729445656.dir/0001_cpu_gen/ --quartus_dir=C:/altera/13.0sp1/quartus --verilog --config=C:/Users/RREYM/AppData/Local/Temp/alt0038_5707264753729445656.dir/0001_cpu_gen//pru1_cpu_processor_configuration.pl  --do_build_sim=0    --bogus  ]
Info: cpu: # 2024.11.11 16:53:17 (*) Starting Nios II generation
Info: cpu: # 2024.11.11 16:53:17 (*)   Checking for plaintext license.
Info: cpu: # 2024.11.11 16:53:18 (*)   Couldn't query license setup in Quartus directory C:/altera/13.0sp1/quartus
Info: cpu: # 2024.11.11 16:53:18 (*)   Defaulting to contents of LM_LICENSE_FILE environment variable
Info: cpu: # 2024.11.11 16:53:18 (*)   LM_LICENSE_FILE environment variable is empty
Info: cpu: # 2024.11.11 16:53:18 (*)   Plaintext license not found.
Info: cpu: # 2024.11.11 16:53:18 (*)   No license required to generate encrypted Nios II/e.
Info: cpu: # 2024.11.11 16:53:18 (*)   Elaborating CPU configuration settings
Info: cpu: # 2024.11.11 16:53:18 (*)   Creating all objects for CPU
Info: cpu: # 2024.11.11 16:53:19 (*)   Generating RTL from CPU objects
Info: cpu: # 2024.11.11 16:53:19 (*)   Creating plain-text RTL
Info: cpu: # 2024.11.11 16:53:20 (*) Done Nios II generation
Info: cpu: Done RTL generation for module 'pru1_cpu'
Info: cpu: "pru1" instantiated altera_nios2_qsys "cpu"
Info: memoria: Starting RTL generation for module 'pru1_memoria'
Info: memoria:   Generation command is [exec C:/altera/13.0sp1/quartus/bin/perl/bin/perl.exe -I C:/altera/13.0sp1/quartus/common/ip/altera/common/perl/5.8.3 -I C:/altera/13.0sp1/quartus/sopc_builder/bin/europa -I C:/altera/13.0sp1/quartus/sopc_builder/bin/perl_lib -I C:/altera/13.0sp1/quartus/sopc_builder/bin -I C:/altera/13.0sp1/quartus/../ip/altera/sopc_builder_ip/common -I C:/altera/13.0sp1/quartus/../ip/altera/sopc_builder_ip/altera_avalon_onchip_memory2 -- C:/altera/13.0sp1/quartus/../ip/altera/sopc_builder_ip/altera_avalon_onchip_memory2/generate_rtl.pl --name=pru1_memoria --dir=C:/Users/RREYM/AppData/Local/Temp/alt0038_5707264753729445656.dir/0002_memoria_gen/ --quartus_dir=C:/altera/13.0sp1/quartus --verilog --config=C:/Users/RREYM/AppData/Local/Temp/alt0038_5707264753729445656.dir/0002_memoria_gen//pru1_memoria_component_configuration.pl  --do_build_sim=0  ]
Info: memoria: Done RTL generation for module 'pru1_memoria'
Info: memoria: "pru1" instantiated altera_avalon_onchip_memory2 "memoria"
Info: jtag: Starting RTL generation for module 'pru1_jtag'
Info: jtag:   Generation command is [exec C:/altera/13.0sp1/quartus/bin/perl/bin/perl.exe -I C:/altera/13.0sp1/quartus/common/ip/altera/common/perl/5.8.3 -I C:/altera/13.0sp1/quartus/sopc_builder/bin/europa -I C:/altera/13.0sp1/quartus/sopc_builder/bin/perl_lib -I C:/altera/13.0sp1/quartus/sopc_builder/bin -I C:/altera/13.0sp1/quartus/../ip/altera/sopc_builder_ip/common -I C:/altera/13.0sp1/quartus/../ip/altera/sopc_builder_ip/altera_avalon_jtag_uart -- C:/altera/13.0sp1/quartus/../ip/altera/sopc_builder_ip/altera_avalon_jtag_uart/generate_rtl.pl --name=pru1_jtag --dir=C:/Users/RREYM/AppData/Local/Temp/alt0038_5707264753729445656.dir/0003_jtag_gen/ --quartus_dir=C:/altera/13.0sp1/quartus --verilog --config=C:/Users/RREYM/AppData/Local/Temp/alt0038_5707264753729445656.dir/0003_jtag_gen//pru1_jtag_component_configuration.pl  --do_build_sim=0  ]
Info: jtag: Done RTL generation for module 'pru1_jtag'
Info: jtag: "pru1" instantiated altera_avalon_jtag_uart "jtag"
Info: leds: Starting RTL generation for module 'pru1_leds'
Info: leds:   Generation command is [exec C:/altera/13.0sp1/quartus/bin/perl/bin/perl.exe -I C:/altera/13.0sp1/quartus/common/ip/altera/common/perl/5.8.3 -I C:/altera/13.0sp1/quartus/sopc_builder/bin/europa -I C:/altera/13.0sp1/quartus/sopc_builder/bin/perl_lib -I C:/altera/13.0sp1/quartus/sopc_builder/bin -I C:/altera/13.0sp1/quartus/../ip/altera/sopc_builder_ip/common -I C:/altera/13.0sp1/quartus/../ip/altera/sopc_builder_ip/altera_avalon_pio -- C:/altera/13.0sp1/quartus/../ip/altera/sopc_builder_ip/altera_avalon_pio/generate_rtl.pl --name=pru1_leds --dir=C:/Users/RREYM/AppData/Local/Temp/alt0038_5707264753729445656.dir/0004_leds_gen/ --quartus_dir=C:/altera/13.0sp1/quartus --verilog --config=C:/Users/RREYM/AppData/Local/Temp/alt0038_5707264753729445656.dir/0004_leds_gen//pru1_leds_component_configuration.pl  --do_build_sim=0  ]
Info: leds: Done RTL generation for module 'pru1_leds'
Info: leds: "pru1" instantiated altera_avalon_pio "leds"
Info: cpu_instruction_master_translator: "pru1" instantiated altera_merlin_master_translator "cpu_instruction_master_translator"
Info: cpu_jtag_debug_module_translator: "pru1" instantiated altera_merlin_slave_translator "cpu_jtag_debug_module_translator"
Info: cpu_instruction_master_translator_avalon_universal_master_0_agent: "pru1" instantiated altera_merlin_master_agent "cpu_instruction_master_translator_avalon_universal_master_0_agent"
Info: cpu_jtag_debug_module_translator_avalon_universal_slave_0_agent: "pru1" instantiated altera_merlin_slave_agent "cpu_jtag_debug_module_translator_avalon_universal_slave_0_agent"
Info: cpu_jtag_debug_module_translator_avalon_universal_slave_0_agent_rsp_fifo: "pru1" instantiated altera_avalon_sc_fifo "cpu_jtag_debug_module_translator_avalon_universal_slave_0_agent_rsp_fifo"
Info: addr_router: "pru1" instantiated altera_merlin_router "addr_router"
Info: addr_router_001: "pru1" instantiated altera_merlin_router "addr_router_001"
Info: id_router: "pru1" instantiated altera_merlin_router "id_router"
Info: id_router_002: "pru1" instantiated altera_merlin_router "id_router_002"
Info: rst_controller: "pru1" instantiated altera_reset_controller "rst_controller"
Info: cmd_xbar_demux: "pru1" instantiated altera_merlin_demultiplexer "cmd_xbar_demux"
Info: cmd_xbar_demux_001: "pru1" instantiated altera_merlin_demultiplexer "cmd_xbar_demux_001"
Info: cmd_xbar_mux: "pru1" instantiated altera_merlin_multiplexer "cmd_xbar_mux"
Info: rsp_xbar_demux_002: "pru1" instantiated altera_merlin_demultiplexer "rsp_xbar_demux_002"
Info: rsp_xbar_mux: "pru1" instantiated altera_merlin_multiplexer "rsp_xbar_mux"
Info: Reusing file C:/UPC/DDIGITAL/pru1/pru1/synthesis/submodules/altera_merlin_arbitrator.sv
Info: rsp_xbar_mux_001: "pru1" instantiated altera_merlin_multiplexer "rsp_xbar_mux_001"
Info: Reusing file C:/UPC/DDIGITAL/pru1/pru1/synthesis/submodules/altera_merlin_arbitrator.sv
Info: irq_mapper: "pru1" instantiated altera_irq_mapper "irq_mapper"
Info: pru1: Done pru1" with 22 modules, 69 files, 1347482 bytes
Info: ip-generate succeeded.
Info: Finished: Create HDL design files for synthesis
