Analysis & Synthesis report for TF3
Wed Nov 27 11:48:35 2024
Quartus II 64-Bit Version 13.0.1 Build 232 06/12/2013 Service Pack 1 SJ Web Edition


---------------------
; Table of Contents ;
---------------------
  1. Legal Notice
  2. Analysis & Synthesis Summary
  3. Analysis & Synthesis Settings
  4. Parallel Compilation
  5. Analysis & Synthesis Source Files Read
  6. Analysis & Synthesis Resource Usage Summary
  7. Analysis & Synthesis Resource Utilization by Entity
  8. Analysis & Synthesis RAM Summary
  9. Analysis & Synthesis IP Cores Summary
 10. General Register Statistics
 11. Multiplexer Restructuring Statistics (Restructuring Performed)
 12. Source assignments for sine_wave:u3|altsyncram:altsyncram_component|altsyncram_t281:auto_generated
 13. Source assignments for sierra_wave:u4|altsyncram:altsyncram_component|altsyncram_k981:auto_generated
 14. Source assignments for triangulo_wave:u5|altsyncram:altsyncram_component|altsyncram_4g81:auto_generated
 15. Parameter Settings for User Entity Instance: sine_wave:u3|altsyncram:altsyncram_component
 16. Parameter Settings for User Entity Instance: sierra_wave:u4|altsyncram:altsyncram_component
 17. Parameter Settings for User Entity Instance: triangulo_wave:u5|altsyncram:altsyncram_component
 18. altsyncram Parameter Settings by Entity Instance
 19. Port Connectivity Checks: "contador_Phase:u1"
 20. Elapsed Time Per Partition
 21. Analysis & Synthesis Messages



----------------
; Legal Notice ;
----------------
Copyright (C) 1991-2013 Altera Corporation
Your use of Altera Corporation's design tools, logic functions 
and other software and tools, and its AMPP partner logic 
functions, and any output files from any of the foregoing 
(including device programming or simulation files), and any 
associated documentation or information are expressly subject 
to the terms and conditions of the Altera Program License 
Subscription Agreement, Altera MegaCore Function License 
Agreement, or other applicable license agreement, including, 
without limitation, that your use is for the sole purpose of 
programming logic devices manufactured by Altera and sold by 
Altera or its authorized distributors.  Please refer to the 
applicable agreement for further details.



+--------------------------------------------------------------------------------------+
; Analysis & Synthesis Summary                                                         ;
+------------------------------------+-------------------------------------------------+
; Analysis & Synthesis Status        ; Successful - Wed Nov 27 11:48:35 2024           ;
; Quartus II 64-Bit Version          ; 13.0.1 Build 232 06/12/2013 SP 1 SJ Web Edition ;
; Revision Name                      ; TF3                                             ;
; Top-level Entity Name              ; TF3                                             ;
; Family                             ; Cyclone II                                      ;
; Total logic elements               ; 59                                              ;
;     Total combinational functions  ; 59                                              ;
;     Dedicated logic registers      ; 23                                              ;
; Total registers                    ; 23                                              ;
; Total pins                         ; 27                                              ;
; Total virtual pins                 ; 0                                               ;
; Total memory bits                  ; 67,584                                          ;
; Embedded Multiplier 9-bit elements ; 0                                               ;
; Total PLLs                         ; 0                                               ;
+------------------------------------+-------------------------------------------------+


+----------------------------------------------------------------------------------------------------------------------+
; Analysis & Synthesis Settings                                                                                        ;
+----------------------------------------------------------------------------+--------------------+--------------------+
; Option                                                                     ; Setting            ; Default Value      ;
+----------------------------------------------------------------------------+--------------------+--------------------+
; Device                                                                     ; EP2C5T144C8        ;                    ;
; Top-level entity name                                                      ; TF3                ; TF3                ;
; Family name                                                                ; Cyclone II         ; Cyclone IV GX      ;
; Use smart compilation                                                      ; Off                ; Off                ;
; Enable parallel Assembler and TimeQuest Timing Analyzer during compilation ; On                 ; On                 ;
; Enable compact report table                                                ; Off                ; Off                ;
; Restructure Multiplexers                                                   ; Auto               ; Auto               ;
; Create Debugging Nodes for IP Cores                                        ; Off                ; Off                ;
; Preserve fewer node names                                                  ; On                 ; On                 ;
; Disable OpenCore Plus hardware evaluation                                  ; Off                ; Off                ;
; Verilog Version                                                            ; Verilog_2001       ; Verilog_2001       ;
; VHDL Version                                                               ; VHDL_1993          ; VHDL_1993          ;
; State Machine Processing                                                   ; Auto               ; Auto               ;
; Safe State Machine                                                         ; Off                ; Off                ;
; Extract Verilog State Machines                                             ; On                 ; On                 ;
; Extract VHDL State Machines                                                ; On                 ; On                 ;
; Ignore Verilog initial constructs                                          ; Off                ; Off                ;
; Iteration limit for constant Verilog loops                                 ; 5000               ; 5000               ;
; Iteration limit for non-constant Verilog loops                             ; 250                ; 250                ;
; Add Pass-Through Logic to Inferred RAMs                                    ; On                 ; On                 ;
; Infer RAMs from Raw Logic                                                  ; On                 ; On                 ;
; Parallel Synthesis                                                         ; On                 ; On                 ;
; DSP Block Balancing                                                        ; Auto               ; Auto               ;
; NOT Gate Push-Back                                                         ; On                 ; On                 ;
; Power-Up Don't Care                                                        ; On                 ; On                 ;
; Remove Redundant Logic Cells                                               ; Off                ; Off                ;
; Remove Duplicate Registers                                                 ; On                 ; On                 ;
; Ignore CARRY Buffers                                                       ; Off                ; Off                ;
; Ignore CASCADE Buffers                                                     ; Off                ; Off                ;
; Ignore GLOBAL Buffers                                                      ; Off                ; Off                ;
; Ignore ROW GLOBAL Buffers                                                  ; Off                ; Off                ;
; Ignore LCELL Buffers                                                       ; Off                ; Off                ;
; Ignore SOFT Buffers                                                        ; On                 ; On                 ;
; Limit AHDL Integers to 32 Bits                                             ; Off                ; Off                ;
; Optimization Technique                                                     ; Balanced           ; Balanced           ;
; Carry Chain Length                                                         ; 70                 ; 70                 ;
; Auto Carry Chains                                                          ; On                 ; On                 ;
; Auto Open-Drain Pins                                                       ; On                 ; On                 ;
; Perform WYSIWYG Primitive Resynthesis                                      ; Off                ; Off                ;
; Auto ROM Replacement                                                       ; On                 ; On                 ;
; Auto RAM Replacement                                                       ; On                 ; On                 ;
; Auto Shift Register Replacement                                            ; Auto               ; Auto               ;
; Allow Shift Register Merging across Hierarchies                            ; Auto               ; Auto               ;
; Auto Clock Enable Replacement                                              ; On                 ; On                 ;
; Strict RAM Replacement                                                     ; Off                ; Off                ;
; Allow Synchronous Control Signals                                          ; On                 ; On                 ;
; Force Use of Synchronous Clear Signals                                     ; Off                ; Off                ;
; Auto RAM to Logic Cell Conversion                                          ; Off                ; Off                ;
; Auto Resource Sharing                                                      ; Off                ; Off                ;
; Allow Any RAM Size For Recognition                                         ; Off                ; Off                ;
; Allow Any ROM Size For Recognition                                         ; Off                ; Off                ;
; Allow Any Shift Register Size For Recognition                              ; Off                ; Off                ;
; Use LogicLock Constraints during Resource Balancing                        ; On                 ; On                 ;
; Ignore translate_off and synthesis_off directives                          ; Off                ; Off                ;
; Timing-Driven Synthesis                                                    ; Off                ; Off                ;
; Report Parameter Settings                                                  ; On                 ; On                 ;
; Report Source Assignments                                                  ; On                 ; On                 ;
; Report Connectivity Checks                                                 ; On                 ; On                 ;
; Ignore Maximum Fan-Out Assignments                                         ; Off                ; Off                ;
; Synchronization Register Chain Length                                      ; 2                  ; 2                  ;
; PowerPlay Power Optimization                                               ; Normal compilation ; Normal compilation ;
; HDL message level                                                          ; Level2             ; Level2             ;
; Suppress Register Optimization Related Messages                            ; Off                ; Off                ;
; Number of Removed Registers Reported in Synthesis Report                   ; 5000               ; 5000               ;
; Number of Swept Nodes Reported in Synthesis Report                         ; 5000               ; 5000               ;
; Number of Inverted Registers Reported in Synthesis Report                  ; 100                ; 100                ;
; Clock MUX Protection                                                       ; On                 ; On                 ;
; Auto Gated Clock Conversion                                                ; Off                ; Off                ;
; Block Design Naming                                                        ; Auto               ; Auto               ;
; SDC constraint protection                                                  ; Off                ; Off                ;
; Synthesis Effort                                                           ; Auto               ; Auto               ;
; Shift Register Replacement - Allow Asynchronous Clear Signal               ; On                 ; On                 ;
; Pre-Mapping Resynthesis Optimization                                       ; Off                ; Off                ;
; Analysis & Synthesis Message Level                                         ; Medium             ; Medium             ;
; Disable Register Merging Across Hierarchies                                ; Auto               ; Auto               ;
; Resource Aware Inference For Block RAM                                     ; On                 ; On                 ;
; Synthesis Seed                                                             ; 1                  ; 1                  ;
+----------------------------------------------------------------------------+--------------------+--------------------+


Parallel compilation was disabled, but you have multiple processors available. Enable parallel compilation to reduce compilation time.
+-------------------------------------+
; Parallel Compilation                ;
+----------------------------+--------+
; Processors                 ; Number ;
+----------------------------+--------+
; Number detected on machine ; 12     ;
; Maximum allowed            ; 1      ;
+----------------------------+--------+


+---------------------------------------------------------------------------------------------------------------------------------------------------------------------------------+
; Analysis & Synthesis Source Files Read                                                                                                                                          ;
+----------------------------------+-----------------+----------------------------------------+-------------------------------------------------------------------------+---------+
; File Name with User-Entered Path ; Used in Netlist ; File Type                              ; File Name with Absolute Path                                            ; Library ;
+----------------------------------+-----------------+----------------------------------------+-------------------------------------------------------------------------+---------+
; TF3.vhd                          ; yes             ; User VHDL File                         ; C:/UPC/DDIGITAL/TF3/TF3.vhd                                             ;         ;
; contador_Phase.vhd               ; yes             ; User VHDL File                         ; C:/UPC/DDIGITAL/TF3/contador_Phase.vhd                                  ;         ;
; mux.vhd                          ; yes             ; User VHDL File                         ; C:/UPC/DDIGITAL/TF3/mux.vhd                                             ;         ;
; pwm.vhd                          ; yes             ; User VHDL File                         ; C:/UPC/DDIGITAL/TF3/pwm.vhd                                             ;         ;
; sine_wave.vhd                    ; yes             ; User Wizard-Generated File             ; C:/UPC/DDIGITAL/TF3/sine_wave.vhd                                       ;         ;
; sierra_wave.vhd                  ; yes             ; User Wizard-Generated File             ; C:/UPC/DDIGITAL/TF3/sierra_wave.vhd                                     ;         ;
; triangulo_wave.vhd               ; yes             ; User Wizard-Generated File             ; C:/UPC/DDIGITAL/TF3/triangulo_wave.vhd                                  ;         ;
; altsyncram.tdf                   ; yes             ; Megafunction                           ; c:/altera/13.0sp1/quartus/libraries/megafunctions/altsyncram.tdf        ;         ;
; stratix_ram_block.inc            ; yes             ; Megafunction                           ; c:/altera/13.0sp1/quartus/libraries/megafunctions/stratix_ram_block.inc ;         ;
; lpm_mux.inc                      ; yes             ; Megafunction                           ; c:/altera/13.0sp1/quartus/libraries/megafunctions/lpm_mux.inc           ;         ;
; lpm_decode.inc                   ; yes             ; Megafunction                           ; c:/altera/13.0sp1/quartus/libraries/megafunctions/lpm_decode.inc        ;         ;
; aglobal130.inc                   ; yes             ; Megafunction                           ; c:/altera/13.0sp1/quartus/libraries/megafunctions/aglobal130.inc        ;         ;
; a_rdenreg.inc                    ; yes             ; Megafunction                           ; c:/altera/13.0sp1/quartus/libraries/megafunctions/a_rdenreg.inc         ;         ;
; altrom.inc                       ; yes             ; Megafunction                           ; c:/altera/13.0sp1/quartus/libraries/megafunctions/altrom.inc            ;         ;
; altram.inc                       ; yes             ; Megafunction                           ; c:/altera/13.0sp1/quartus/libraries/megafunctions/altram.inc            ;         ;
; altdpram.inc                     ; yes             ; Megafunction                           ; c:/altera/13.0sp1/quartus/libraries/megafunctions/altdpram.inc          ;         ;
; db/altsyncram_t281.tdf           ; yes             ; Auto-Generated Megafunction            ; C:/UPC/DDIGITAL/TF3/db/altsyncram_t281.tdf                              ;         ;
; /upc/gen/sine_lut.mif            ; yes             ; Auto-Found Memory Initialization File  ; /upc/gen/sine_lut.mif                                                   ;         ;
; db/altsyncram_k981.tdf           ; yes             ; Auto-Generated Megafunction            ; C:/UPC/DDIGITAL/TF3/db/altsyncram_k981.tdf                              ;         ;
; /upc/gen/sierra_lut.mif          ; yes             ; Auto-Found Memory Initialization File  ; /upc/gen/sierra_lut.mif                                                 ;         ;
; db/altsyncram_4g81.tdf           ; yes             ; Auto-Generated Megafunction            ; C:/UPC/DDIGITAL/TF3/db/altsyncram_4g81.tdf                              ;         ;
; /upc/gen/triangle_lut.mif        ; yes             ; Auto-Found Memory Initialization File  ; /upc/gen/triangle_lut.mif                                               ;         ;
+----------------------------------+-----------------+----------------------------------------+-------------------------------------------------------------------------+---------+


+-----------------------------------------------------+
; Analysis & Synthesis Resource Usage Summary         ;
+---------------------------------------------+-------+
; Resource                                    ; Usage ;
+---------------------------------------------+-------+
; Estimated Total logic elements              ; 59    ;
;                                             ;       ;
; Total combinational functions               ; 59    ;
; Logic element usage by number of LUT inputs ;       ;
;     -- 4 input functions                    ; 25    ;
;     -- 3 input functions                    ; 14    ;
;     -- <=2 input functions                  ; 20    ;
;                                             ;       ;
; Logic elements by mode                      ;       ;
;     -- normal mode                          ; 31    ;
;     -- arithmetic mode                      ; 28    ;
;                                             ;       ;
; Total registers                             ; 23    ;
;     -- Dedicated logic registers            ; 23    ;
;     -- I/O registers                        ; 0     ;
;                                             ;       ;
; I/O pins                                    ; 27    ;
; Total memory bits                           ; 67584 ;
; Embedded Multiplier 9-bit elements          ; 0     ;
; Maximum fan-out node                        ; clk   ;
; Maximum fan-out                             ; 56    ;
; Total fan-out                               ; 666   ;
; Average fan-out                             ; 4.69  ;
+---------------------------------------------+-------+


+--------------------------------------------------------------------------------------------------------------------------------------------------------------------------------------------------------------------------------------------------------------+
; Analysis & Synthesis Resource Utilization by Entity                                                                                                                                                                                                          ;
+-------------------------------------------+-------------------+--------------+-------------+--------------+---------+-----------+------+--------------+---------------------------------------------------------------------------------------+--------------+
; Compilation Hierarchy Node                ; LC Combinationals ; LC Registers ; Memory Bits ; DSP Elements ; DSP 9x9 ; DSP 18x18 ; Pins ; Virtual Pins ; Full Hierarchy Name                                                                   ; Library Name ;
+-------------------------------------------+-------------------+--------------+-------------+--------------+---------+-----------+------+--------------+---------------------------------------------------------------------------------------+--------------+
; |TF3                                      ; 59 (0)            ; 23 (0)       ; 67584       ; 0            ; 0       ; 0         ; 27   ; 0            ; |TF3                                                                                  ; work         ;
;    |contador_Phase:u1|                    ; 11 (11)           ; 11 (11)      ; 0           ; 0            ; 0       ; 0         ; 0    ; 0            ; |TF3|contador_Phase:u1                                                                ; work         ;
;    |mux:u6|                               ; 22 (22)           ; 0 (0)        ; 0           ; 0            ; 0       ; 0         ; 0    ; 0            ; |TF3|mux:u6                                                                           ; work         ;
;    |pwm:u7|                               ; 26 (26)           ; 12 (12)      ; 0           ; 0            ; 0       ; 0         ; 0    ; 0            ; |TF3|pwm:u7                                                                           ; work         ;
;    |sierra_wave:u4|                       ; 0 (0)             ; 0 (0)        ; 22528       ; 0            ; 0       ; 0         ; 0    ; 0            ; |TF3|sierra_wave:u4                                                                   ; work         ;
;       |altsyncram:altsyncram_component|   ; 0 (0)             ; 0 (0)        ; 22528       ; 0            ; 0       ; 0         ; 0    ; 0            ; |TF3|sierra_wave:u4|altsyncram:altsyncram_component                                   ; work         ;
;          |altsyncram_k981:auto_generated| ; 0 (0)             ; 0 (0)        ; 22528       ; 0            ; 0       ; 0         ; 0    ; 0            ; |TF3|sierra_wave:u4|altsyncram:altsyncram_component|altsyncram_k981:auto_generated    ; work         ;
;    |sine_wave:u3|                         ; 0 (0)             ; 0 (0)        ; 22528       ; 0            ; 0       ; 0         ; 0    ; 0            ; |TF3|sine_wave:u3                                                                     ; work         ;
;       |altsyncram:altsyncram_component|   ; 0 (0)             ; 0 (0)        ; 22528       ; 0            ; 0       ; 0         ; 0    ; 0            ; |TF3|sine_wave:u3|altsyncram:altsyncram_component                                     ; work         ;
;          |altsyncram_t281:auto_generated| ; 0 (0)             ; 0 (0)        ; 22528       ; 0            ; 0       ; 0         ; 0    ; 0            ; |TF3|sine_wave:u3|altsyncram:altsyncram_component|altsyncram_t281:auto_generated      ; work         ;
;    |triangulo_wave:u5|                    ; 0 (0)             ; 0 (0)        ; 22528       ; 0            ; 0       ; 0         ; 0    ; 0            ; |TF3|triangulo_wave:u5                                                                ; work         ;
;       |altsyncram:altsyncram_component|   ; 0 (0)             ; 0 (0)        ; 22528       ; 0            ; 0       ; 0         ; 0    ; 0            ; |TF3|triangulo_wave:u5|altsyncram:altsyncram_component                                ; work         ;
;          |altsyncram_4g81:auto_generated| ; 0 (0)             ; 0 (0)        ; 22528       ; 0            ; 0       ; 0         ; 0    ; 0            ; |TF3|triangulo_wave:u5|altsyncram:altsyncram_component|altsyncram_4g81:auto_generated ; work         ;
+-------------------------------------------+-------------------+--------------+-------------+--------------+---------+-----------+------+--------------+---------------------------------------------------------------------------------------+--------------+
Note: For table entries with two numbers listed, the numbers in parentheses indicate the number of resources of the given type used by the specific entity alone. The numbers listed outside of parentheses indicate the total resources of the given type used by the specific entity and all of its sub-entities in the hierarchy.


+------------------------------------------------------------------------------------------------------------------------------------------------------------------------------------------------------------+
; Analysis & Synthesis RAM Summary                                                                                                                                                                           ;
+---------------------------------------------------------------------------------------------+------+------+--------------+--------------+--------------+--------------+-------+----------------------------+
; Name                                                                                        ; Type ; Mode ; Port A Depth ; Port A Width ; Port B Depth ; Port B Width ; Size  ; MIF                        ;
+---------------------------------------------------------------------------------------------+------+------+--------------+--------------+--------------+--------------+-------+----------------------------+
; sierra_wave:u4|altsyncram:altsyncram_component|altsyncram_k981:auto_generated|ALTSYNCRAM    ; AUTO ; ROM  ; 2048         ; 11           ; --           ; --           ; 22528 ; ../../gen/sierra_lut.mif   ;
; sine_wave:u3|altsyncram:altsyncram_component|altsyncram_t281:auto_generated|ALTSYNCRAM      ; AUTO ; ROM  ; 2048         ; 11           ; --           ; --           ; 22528 ; ../../gen/sine_lut.mif     ;
; triangulo_wave:u5|altsyncram:altsyncram_component|altsyncram_4g81:auto_generated|ALTSYNCRAM ; AUTO ; ROM  ; 2048         ; 11           ; --           ; --           ; 22528 ; ../../gen/triangle_lut.mif ;
+---------------------------------------------------------------------------------------------+------+------+--------------+--------------+--------------+--------------+-------+----------------------------+


+---------------------------------------------------------------------------------------------------------------------------------+
; Analysis & Synthesis IP Cores Summary                                                                                           ;
+--------+--------------+---------+--------------+--------------+------------------------+----------------------------------------+
; Vendor ; IP Core Name ; Version ; Release Date ; License Type ; Entity Instance        ; IP Include File                        ;
+--------+--------------+---------+--------------+--------------+------------------------+----------------------------------------+
; Altera ; ROM: 1-PORT  ; 13.0    ; N/A          ; N/A          ; |TF3|sine_wave:u3      ; C:/UPC/DDIGITAL/TF3/sine_wave.vhd      ;
; Altera ; ROM: 1-PORT  ; 13.0    ; N/A          ; N/A          ; |TF3|sierra_wave:u4    ; C:/UPC/DDIGITAL/TF3/sierra_wave.vhd    ;
; Altera ; ROM: 1-PORT  ; 13.0    ; N/A          ; N/A          ; |TF3|triangulo_wave:u5 ; C:/UPC/DDIGITAL/TF3/triangulo_wave.vhd ;
+--------+--------------+---------+--------------+--------------+------------------------+----------------------------------------+


+------------------------------------------------------+
; General Register Statistics                          ;
+----------------------------------------------+-------+
; Statistic                                    ; Value ;
+----------------------------------------------+-------+
; Total registers                              ; 23    ;
; Number of registers using Synchronous Clear  ; 0     ;
; Number of registers using Synchronous Load   ; 0     ;
; Number of registers using Asynchronous Clear ; 23    ;
; Number of registers using Asynchronous Load  ; 0     ;
; Number of registers using Clock Enable       ; 10    ;
; Number of registers using Preset             ; 0     ;
+----------------------------------------------+-------+


+------------------------------------------------------------------------------------------------------------------------------------------+
; Multiplexer Restructuring Statistics (Restructuring Performed)                                                                           ;
+--------------------+-----------+---------------+----------------------+------------------------+------------+----------------------------+
; Multiplexer Inputs ; Bus Width ; Baseline Area ; Area if Restructured ; Saving if Restructured ; Registered ; Example Multiplexer Output ;
+--------------------+-----------+---------------+----------------------+------------------------+------------+----------------------------+
; 4:1                ; 11 bits   ; 22 LEs        ; 22 LEs               ; 0 LEs                  ; No         ; |TF3|mux:u6|Mux10          ;
+--------------------+-----------+---------------+----------------------+------------------------+------------+----------------------------+


+----------------------------------------------------------------------------------------------------+
; Source assignments for sine_wave:u3|altsyncram:altsyncram_component|altsyncram_t281:auto_generated ;
+---------------------------------+--------------------+------+--------------------------------------+
; Assignment                      ; Value              ; From ; To                                   ;
+---------------------------------+--------------------+------+--------------------------------------+
; OPTIMIZE_POWER_DURING_SYNTHESIS ; NORMAL_COMPILATION ; -    ; -                                    ;
+---------------------------------+--------------------+------+--------------------------------------+


+------------------------------------------------------------------------------------------------------+
; Source assignments for sierra_wave:u4|altsyncram:altsyncram_component|altsyncram_k981:auto_generated ;
+---------------------------------+--------------------+------+----------------------------------------+
; Assignment                      ; Value              ; From ; To                                     ;
+---------------------------------+--------------------+------+----------------------------------------+
; OPTIMIZE_POWER_DURING_SYNTHESIS ; NORMAL_COMPILATION ; -    ; -                                      ;
+---------------------------------+--------------------+------+----------------------------------------+


+---------------------------------------------------------------------------------------------------------+
; Source assignments for triangulo_wave:u5|altsyncram:altsyncram_component|altsyncram_4g81:auto_generated ;
+---------------------------------+--------------------+------+-------------------------------------------+
; Assignment                      ; Value              ; From ; To                                        ;
+---------------------------------+--------------------+------+-------------------------------------------+
; OPTIMIZE_POWER_DURING_SYNTHESIS ; NORMAL_COMPILATION ; -    ; -                                         ;
+---------------------------------+--------------------+------+-------------------------------------------+


+-------------------------------------------------------------------------------------------+
; Parameter Settings for User Entity Instance: sine_wave:u3|altsyncram:altsyncram_component ;
+------------------------------------+------------------------+-----------------------------+
; Parameter Name                     ; Value                  ; Type                        ;
+------------------------------------+------------------------+-----------------------------+
; BYTE_SIZE_BLOCK                    ; 8                      ; Untyped                     ;
; AUTO_CARRY_CHAINS                  ; ON                     ; AUTO_CARRY                  ;
; IGNORE_CARRY_BUFFERS               ; OFF                    ; IGNORE_CARRY                ;
; AUTO_CASCADE_CHAINS                ; ON                     ; AUTO_CASCADE                ;
; IGNORE_CASCADE_BUFFERS             ; OFF                    ; IGNORE_CASCADE              ;
; WIDTH_BYTEENA                      ; 1                      ; Untyped                     ;
; OPERATION_MODE                     ; ROM                    ; Untyped                     ;
; WIDTH_A                            ; 11                     ; Signed Integer              ;
; WIDTHAD_A                          ; 11                     ; Signed Integer              ;
; NUMWORDS_A                         ; 2048                   ; Signed Integer              ;
; OUTDATA_REG_A                      ; CLOCK0                 ; Untyped                     ;
; ADDRESS_ACLR_A                     ; NONE                   ; Untyped                     ;
; OUTDATA_ACLR_A                     ; NONE                   ; Untyped                     ;
; WRCONTROL_ACLR_A                   ; NONE                   ; Untyped                     ;
; INDATA_ACLR_A                      ; NONE                   ; Untyped                     ;
; BYTEENA_ACLR_A                     ; NONE                   ; Untyped                     ;
; WIDTH_B                            ; 1                      ; Untyped                     ;
; WIDTHAD_B                          ; 1                      ; Untyped                     ;
; NUMWORDS_B                         ; 1                      ; Untyped                     ;
; INDATA_REG_B                       ; CLOCK1                 ; Untyped                     ;
; WRCONTROL_WRADDRESS_REG_B          ; CLOCK1                 ; Untyped                     ;
; RDCONTROL_REG_B                    ; CLOCK1                 ; Untyped                     ;
; ADDRESS_REG_B                      ; CLOCK1                 ; Untyped                     ;
; OUTDATA_REG_B                      ; UNREGISTERED           ; Untyped                     ;
; BYTEENA_REG_B                      ; CLOCK1                 ; Untyped                     ;
; INDATA_ACLR_B                      ; NONE                   ; Untyped                     ;
; WRCONTROL_ACLR_B                   ; NONE                   ; Untyped                     ;
; ADDRESS_ACLR_B                     ; NONE                   ; Untyped                     ;
; OUTDATA_ACLR_B                     ; NONE                   ; Untyped                     ;
; RDCONTROL_ACLR_B                   ; NONE                   ; Untyped                     ;
; BYTEENA_ACLR_B                     ; NONE                   ; Untyped                     ;
; WIDTH_BYTEENA_A                    ; 1                      ; Signed Integer              ;
; WIDTH_BYTEENA_B                    ; 1                      ; Untyped                     ;
; RAM_BLOCK_TYPE                     ; AUTO                   ; Untyped                     ;
; BYTE_SIZE                          ; 8                      ; Untyped                     ;
; READ_DURING_WRITE_MODE_MIXED_PORTS ; DONT_CARE              ; Untyped                     ;
; READ_DURING_WRITE_MODE_PORT_A      ; NEW_DATA_NO_NBE_READ   ; Untyped                     ;
; READ_DURING_WRITE_MODE_PORT_B      ; NEW_DATA_NO_NBE_READ   ; Untyped                     ;
; INIT_FILE                          ; ../../gen/sine_lut.mif ; Untyped                     ;
; INIT_FILE_LAYOUT                   ; PORT_A                 ; Untyped                     ;
; MAXIMUM_DEPTH                      ; 0                      ; Untyped                     ;
; CLOCK_ENABLE_INPUT_A               ; BYPASS                 ; Untyped                     ;
; CLOCK_ENABLE_INPUT_B               ; NORMAL                 ; Untyped                     ;
; CLOCK_ENABLE_OUTPUT_A              ; BYPASS                 ; Untyped                     ;
; CLOCK_ENABLE_OUTPUT_B              ; NORMAL                 ; Untyped                     ;
; CLOCK_ENABLE_CORE_A                ; USE_INPUT_CLKEN        ; Untyped                     ;
; CLOCK_ENABLE_CORE_B                ; USE_INPUT_CLKEN        ; Untyped                     ;
; ENABLE_ECC                         ; FALSE                  ; Untyped                     ;
; ECC_PIPELINE_STAGE_ENABLED         ; FALSE                  ; Untyped                     ;
; WIDTH_ECCSTATUS                    ; 3                      ; Untyped                     ;
; DEVICE_FAMILY                      ; Cyclone II             ; Untyped                     ;
; CBXI_PARAMETER                     ; altsyncram_t281        ; Untyped                     ;
+------------------------------------+------------------------+-----------------------------+
Note: In order to hide this table in the UI and the text report file, please set the "Show Parameter Settings in Synthesis Report" option in "Analysis and Synthesis Settings -> More Settings" to "Off".


+---------------------------------------------------------------------------------------------+
; Parameter Settings for User Entity Instance: sierra_wave:u4|altsyncram:altsyncram_component ;
+------------------------------------+--------------------------+-----------------------------+
; Parameter Name                     ; Value                    ; Type                        ;
+------------------------------------+--------------------------+-----------------------------+
; BYTE_SIZE_BLOCK                    ; 8                        ; Untyped                     ;
; AUTO_CARRY_CHAINS                  ; ON                       ; AUTO_CARRY                  ;
; IGNORE_CARRY_BUFFERS               ; OFF                      ; IGNORE_CARRY                ;
; AUTO_CASCADE_CHAINS                ; ON                       ; AUTO_CASCADE                ;
; IGNORE_CASCADE_BUFFERS             ; OFF                      ; IGNORE_CASCADE              ;
; WIDTH_BYTEENA                      ; 1                        ; Untyped                     ;
; OPERATION_MODE                     ; ROM                      ; Untyped                     ;
; WIDTH_A                            ; 11                       ; Signed Integer              ;
; WIDTHAD_A                          ; 11                       ; Signed Integer              ;
; NUMWORDS_A                         ; 2048                     ; Signed Integer              ;
; OUTDATA_REG_A                      ; CLOCK0                   ; Untyped                     ;
; ADDRESS_ACLR_A                     ; NONE                     ; Untyped                     ;
; OUTDATA_ACLR_A                     ; NONE                     ; Untyped                     ;
; WRCONTROL_ACLR_A                   ; NONE                     ; Untyped                     ;
; INDATA_ACLR_A                      ; NONE                     ; Untyped                     ;
; BYTEENA_ACLR_A                     ; NONE                     ; Untyped                     ;
; WIDTH_B                            ; 1                        ; Untyped                     ;
; WIDTHAD_B                          ; 1                        ; Untyped                     ;
; NUMWORDS_B                         ; 1                        ; Untyped                     ;
; INDATA_REG_B                       ; CLOCK1                   ; Untyped                     ;
; WRCONTROL_WRADDRESS_REG_B          ; CLOCK1                   ; Untyped                     ;
; RDCONTROL_REG_B                    ; CLOCK1                   ; Untyped                     ;
; ADDRESS_REG_B                      ; CLOCK1                   ; Untyped                     ;
; OUTDATA_REG_B                      ; UNREGISTERED             ; Untyped                     ;
; BYTEENA_REG_B                      ; CLOCK1                   ; Untyped                     ;
; INDATA_ACLR_B                      ; NONE                     ; Untyped                     ;
; WRCONTROL_ACLR_B                   ; NONE                     ; Untyped                     ;
; ADDRESS_ACLR_B                     ; NONE                     ; Untyped                     ;
; OUTDATA_ACLR_B                     ; NONE                     ; Untyped                     ;
; RDCONTROL_ACLR_B                   ; NONE                     ; Untyped                     ;
; BYTEENA_ACLR_B                     ; NONE                     ; Untyped                     ;
; WIDTH_BYTEENA_A                    ; 1                        ; Signed Integer              ;
; WIDTH_BYTEENA_B                    ; 1                        ; Untyped                     ;
; RAM_BLOCK_TYPE                     ; AUTO                     ; Untyped                     ;
; BYTE_SIZE                          ; 8                        ; Untyped                     ;
; READ_DURING_WRITE_MODE_MIXED_PORTS ; DONT_CARE                ; Untyped                     ;
; READ_DURING_WRITE_MODE_PORT_A      ; NEW_DATA_NO_NBE_READ     ; Untyped                     ;
; READ_DURING_WRITE_MODE_PORT_B      ; NEW_DATA_NO_NBE_READ     ; Untyped                     ;
; INIT_FILE                          ; ../../gen/sierra_lut.mif ; Untyped                     ;
; INIT_FILE_LAYOUT                   ; PORT_A                   ; Untyped                     ;
; MAXIMUM_DEPTH                      ; 0                        ; Untyped                     ;
; CLOCK_ENABLE_INPUT_A               ; BYPASS                   ; Untyped                     ;
; CLOCK_ENABLE_INPUT_B               ; NORMAL                   ; Untyped                     ;
; CLOCK_ENABLE_OUTPUT_A              ; BYPASS                   ; Untyped                     ;
; CLOCK_ENABLE_OUTPUT_B              ; NORMAL                   ; Untyped                     ;
; CLOCK_ENABLE_CORE_A                ; USE_INPUT_CLKEN          ; Untyped                     ;
; CLOCK_ENABLE_CORE_B                ; USE_INPUT_CLKEN          ; Untyped                     ;
; ENABLE_ECC                         ; FALSE                    ; Untyped                     ;
; ECC_PIPELINE_STAGE_ENABLED         ; FALSE                    ; Untyped                     ;
; WIDTH_ECCSTATUS                    ; 3                        ; Untyped                     ;
; DEVICE_FAMILY                      ; Cyclone II               ; Untyped                     ;
; CBXI_PARAMETER                     ; altsyncram_k981          ; Untyped                     ;
+------------------------------------+--------------------------+-----------------------------+
Note: In order to hide this table in the UI and the text report file, please set the "Show Parameter Settings in Synthesis Report" option in "Analysis and Synthesis Settings -> More Settings" to "Off".


+------------------------------------------------------------------------------------------------+
; Parameter Settings for User Entity Instance: triangulo_wave:u5|altsyncram:altsyncram_component ;
+------------------------------------+----------------------------+------------------------------+
; Parameter Name                     ; Value                      ; Type                         ;
+------------------------------------+----------------------------+------------------------------+
; BYTE_SIZE_BLOCK                    ; 8                          ; Untyped                      ;
; AUTO_CARRY_CHAINS                  ; ON                         ; AUTO_CARRY                   ;
; IGNORE_CARRY_BUFFERS               ; OFF                        ; IGNORE_CARRY                 ;
; AUTO_CASCADE_CHAINS                ; ON                         ; AUTO_CASCADE                 ;
; IGNORE_CASCADE_BUFFERS             ; OFF                        ; IGNORE_CASCADE               ;
; WIDTH_BYTEENA                      ; 1                          ; Untyped                      ;
; OPERATION_MODE                     ; ROM                        ; Untyped                      ;
; WIDTH_A                            ; 11                         ; Signed Integer               ;
; WIDTHAD_A                          ; 11                         ; Signed Integer               ;
; NUMWORDS_A                         ; 2048                       ; Signed Integer               ;
; OUTDATA_REG_A                      ; CLOCK0                     ; Untyped                      ;
; ADDRESS_ACLR_A                     ; NONE                       ; Untyped                      ;
; OUTDATA_ACLR_A                     ; NONE                       ; Untyped                      ;
; WRCONTROL_ACLR_A                   ; NONE                       ; Untyped                      ;
; INDATA_ACLR_A                      ; NONE                       ; Untyped                      ;
; BYTEENA_ACLR_A                     ; NONE                       ; Untyped                      ;
; WIDTH_B                            ; 1                          ; Untyped                      ;
; WIDTHAD_B                          ; 1                          ; Untyped                      ;
; NUMWORDS_B                         ; 1                          ; Untyped                      ;
; INDATA_REG_B                       ; CLOCK1                     ; Untyped                      ;
; WRCONTROL_WRADDRESS_REG_B          ; CLOCK1                     ; Untyped                      ;
; RDCONTROL_REG_B                    ; CLOCK1                     ; Untyped                      ;
; ADDRESS_REG_B                      ; CLOCK1                     ; Untyped                      ;
; OUTDATA_REG_B                      ; UNREGISTERED               ; Untyped                      ;
; BYTEENA_REG_B                      ; CLOCK1                     ; Untyped                      ;
; INDATA_ACLR_B                      ; NONE                       ; Untyped                      ;
; WRCONTROL_ACLR_B                   ; NONE                       ; Untyped                      ;
; ADDRESS_ACLR_B                     ; NONE                       ; Untyped                      ;
; OUTDATA_ACLR_B                     ; NONE                       ; Untyped                      ;
; RDCONTROL_ACLR_B                   ; NONE                       ; Untyped                      ;
; BYTEENA_ACLR_B                     ; NONE                       ; Untyped                      ;
; WIDTH_BYTEENA_A                    ; 1                          ; Signed Integer               ;
; WIDTH_BYTEENA_B                    ; 1                          ; Untyped                      ;
; RAM_BLOCK_TYPE                     ; AUTO                       ; Untyped                      ;
; BYTE_SIZE                          ; 8                          ; Untyped                      ;
; READ_DURING_WRITE_MODE_MIXED_PORTS ; DONT_CARE                  ; Untyped                      ;
; READ_DURING_WRITE_MODE_PORT_A      ; NEW_DATA_NO_NBE_READ       ; Untyped                      ;
; READ_DURING_WRITE_MODE_PORT_B      ; NEW_DATA_NO_NBE_READ       ; Untyped                      ;
; INIT_FILE                          ; ../../gen/triangle_lut.mif ; Untyped                      ;
; INIT_FILE_LAYOUT                   ; PORT_A                     ; Untyped                      ;
; MAXIMUM_DEPTH                      ; 0                          ; Untyped                      ;
; CLOCK_ENABLE_INPUT_A               ; BYPASS                     ; Untyped                      ;
; CLOCK_ENABLE_INPUT_B               ; NORMAL                     ; Untyped                      ;
; CLOCK_ENABLE_OUTPUT_A              ; BYPASS                     ; Untyped                      ;
; CLOCK_ENABLE_OUTPUT_B              ; NORMAL                     ; Untyped                      ;
; CLOCK_ENABLE_CORE_A                ; USE_INPUT_CLKEN            ; Untyped                      ;
; CLOCK_ENABLE_CORE_B                ; USE_INPUT_CLKEN            ; Untyped                      ;
; ENABLE_ECC                         ; FALSE                      ; Untyped                      ;
; ECC_PIPELINE_STAGE_ENABLED         ; FALSE                      ; Untyped                      ;
; WIDTH_ECCSTATUS                    ; 3                          ; Untyped                      ;
; DEVICE_FAMILY                      ; Cyclone II                 ; Untyped                      ;
; CBXI_PARAMETER                     ; altsyncram_4g81            ; Untyped                      ;
+------------------------------------+----------------------------+------------------------------+
Note: In order to hide this table in the UI and the text report file, please set the "Show Parameter Settings in Synthesis Report" option in "Analysis and Synthesis Settings -> More Settings" to "Off".


+-----------------------------------------------------------------------------------------------+
; altsyncram Parameter Settings by Entity Instance                                              ;
+-------------------------------------------+---------------------------------------------------+
; Name                                      ; Value                                             ;
+-------------------------------------------+---------------------------------------------------+
; Number of entity instances                ; 3                                                 ;
; Entity Instance                           ; sine_wave:u3|altsyncram:altsyncram_component      ;
;     -- OPERATION_MODE                     ; ROM                                               ;
;     -- WIDTH_A                            ; 11                                                ;
;     -- NUMWORDS_A                         ; 2048                                              ;
;     -- OUTDATA_REG_A                      ; CLOCK0                                            ;
;     -- WIDTH_B                            ; 1                                                 ;
;     -- NUMWORDS_B                         ; 1                                                 ;
;     -- ADDRESS_REG_B                      ; CLOCK1                                            ;
;     -- OUTDATA_REG_B                      ; UNREGISTERED                                      ;
;     -- RAM_BLOCK_TYPE                     ; AUTO                                              ;
;     -- READ_DURING_WRITE_MODE_MIXED_PORTS ; DONT_CARE                                         ;
; Entity Instance                           ; sierra_wave:u4|altsyncram:altsyncram_component    ;
;     -- OPERATION_MODE                     ; ROM                                               ;
;     -- WIDTH_A                            ; 11                                                ;
;     -- NUMWORDS_A                         ; 2048                                              ;
;     -- OUTDATA_REG_A                      ; CLOCK0                                            ;
;     -- WIDTH_B                            ; 1                                                 ;
;     -- NUMWORDS_B                         ; 1                                                 ;
;     -- ADDRESS_REG_B                      ; CLOCK1                                            ;
;     -- OUTDATA_REG_B                      ; UNREGISTERED                                      ;
;     -- RAM_BLOCK_TYPE                     ; AUTO                                              ;
;     -- READ_DURING_WRITE_MODE_MIXED_PORTS ; DONT_CARE                                         ;
; Entity Instance                           ; triangulo_wave:u5|altsyncram:altsyncram_component ;
;     -- OPERATION_MODE                     ; ROM                                               ;
;     -- WIDTH_A                            ; 11                                                ;
;     -- NUMWORDS_A                         ; 2048                                              ;
;     -- OUTDATA_REG_A                      ; CLOCK0                                            ;
;     -- WIDTH_B                            ; 1                                                 ;
;     -- NUMWORDS_B                         ; 1                                                 ;
;     -- ADDRESS_REG_B                      ; CLOCK1                                            ;
;     -- OUTDATA_REG_B                      ; UNREGISTERED                                      ;
;     -- RAM_BLOCK_TYPE                     ; AUTO                                              ;
;     -- READ_DURING_WRITE_MODE_MIXED_PORTS ; DONT_CARE                                         ;
+-------------------------------------------+---------------------------------------------------+


+-----------------------------------------------+
; Port Connectivity Checks: "contador_Phase:u1" ;
+--------+-------+----------+-------------------+
; Port   ; Type  ; Severity ; Details           ;
+--------+-------+----------+-------------------+
; tuning ; Input ; Info     ; Stuck at GND      ;
+--------+-------+----------+-------------------+


+-------------------------------+
; Elapsed Time Per Partition    ;
+----------------+--------------+
; Partition Name ; Elapsed Time ;
+----------------+--------------+
; Top            ; 00:00:00     ;
+----------------+--------------+


+-------------------------------+
; Analysis & Synthesis Messages ;
+-------------------------------+
Info: *******************************************************************
Info: Running Quartus II 64-Bit Analysis & Synthesis
    Info: Version 13.0.1 Build 232 06/12/2013 Service Pack 1 SJ Web Edition
    Info: Processing started: Wed Nov 27 11:48:30 2024
Info: Command: quartus_map --read_settings_files=on --write_settings_files=off TF3 -c TF3
Warning (20028): Parallel compilation is not licensed and has been disabled
Info (12021): Found 2 design units, including 1 entities, in source file tf3.vhd
    Info (12022): Found design unit 1: TF3-fn
    Info (12023): Found entity 1: TF3
Info (12021): Found 2 design units, including 1 entities, in source file contador_phase.vhd
    Info (12022): Found design unit 1: contador_Phase-fn
    Info (12023): Found entity 1: contador_Phase
Warning (12090): Entity "mux" obtained from "mux.vhd" instead of from Quartus II megafunction library
Info (12021): Found 2 design units, including 1 entities, in source file mux.vhd
    Info (12022): Found design unit 1: mux-fn
    Info (12023): Found entity 1: mux
Info (12021): Found 2 design units, including 1 entities, in source file pwm.vhd
    Info (12022): Found design unit 1: pwm-fn
    Info (12023): Found entity 1: pwm
Info (12021): Found 2 design units, including 1 entities, in source file sine_wave.vhd
    Info (12022): Found design unit 1: sine_wave-SYN
    Info (12023): Found entity 1: sine_wave
Info (12021): Found 2 design units, including 1 entities, in source file sierra_wave.vhd
    Info (12022): Found design unit 1: sierra_wave-SYN
    Info (12023): Found entity 1: sierra_wave
Info (12021): Found 2 design units, including 1 entities, in source file triangulo_wave.vhd
    Info (12022): Found design unit 1: triangulo_wave-SYN
    Info (12023): Found entity 1: triangulo_wave
Warning (12162): EDA synthesis tool is specified as "Custom", but Library Mapping File is not specified
Warning (12163): EDA synthesis tool is specified as "Custom", but VCC is not specified
Warning (12164): EDA synthesis tool is specified as "Custom", but GND is not specified
Info (12127): Elaborating entity "TF3" for the top level hierarchy
Info (12128): Elaborating entity "contador_Phase" for hierarchy "contador_Phase:u1"
Warning (10492): VHDL Process Statement warning at contador_Phase.vhd(23): signal "en" is read inside the Process Statement but isn't in the Process Statement's sensitivity list
Info (12128): Elaborating entity "sine_wave" for hierarchy "sine_wave:u3"
Info (12128): Elaborating entity "altsyncram" for hierarchy "sine_wave:u3|altsyncram:altsyncram_component"
Info (12130): Elaborated megafunction instantiation "sine_wave:u3|altsyncram:altsyncram_component"
Info (12133): Instantiated megafunction "sine_wave:u3|altsyncram:altsyncram_component" with the following parameter:
    Info (12134): Parameter "clock_enable_input_a" = "BYPASS"
    Info (12134): Parameter "clock_enable_output_a" = "BYPASS"
    Info (12134): Parameter "init_file" = "../../gen/sine_lut.mif"
    Info (12134): Parameter "intended_device_family" = "Cyclone II"
    Info (12134): Parameter "lpm_hint" = "ENABLE_RUNTIME_MOD=NO"
    Info (12134): Parameter "lpm_type" = "altsyncram"
    Info (12134): Parameter "numwords_a" = "2048"
    Info (12134): Parameter "operation_mode" = "ROM"
    Info (12134): Parameter "outdata_aclr_a" = "NONE"
    Info (12134): Parameter "outdata_reg_a" = "CLOCK0"
    Info (12134): Parameter "widthad_a" = "11"
    Info (12134): Parameter "width_a" = "11"
    Info (12134): Parameter "width_byteena_a" = "1"
Info (12021): Found 1 design units, including 1 entities, in source file db/altsyncram_t281.tdf
    Info (12023): Found entity 1: altsyncram_t281
Info (12128): Elaborating entity "altsyncram_t281" for hierarchy "sine_wave:u3|altsyncram:altsyncram_component|altsyncram_t281:auto_generated"
Info (12128): Elaborating entity "sierra_wave" for hierarchy "sierra_wave:u4"
Info (12128): Elaborating entity "altsyncram" for hierarchy "sierra_wave:u4|altsyncram:altsyncram_component"
Info (12130): Elaborated megafunction instantiation "sierra_wave:u4|altsyncram:altsyncram_component"
Info (12133): Instantiated megafunction "sierra_wave:u4|altsyncram:altsyncram_component" with the following parameter:
    Info (12134): Parameter "clock_enable_input_a" = "BYPASS"
    Info (12134): Parameter "clock_enable_output_a" = "BYPASS"
    Info (12134): Parameter "init_file" = "../../gen/sierra_lut.mif"
    Info (12134): Parameter "intended_device_family" = "Cyclone II"
    Info (12134): Parameter "lpm_hint" = "ENABLE_RUNTIME_MOD=NO"
    Info (12134): Parameter "lpm_type" = "altsyncram"
    Info (12134): Parameter "numwords_a" = "2048"
    Info (12134): Parameter "operation_mode" = "ROM"
    Info (12134): Parameter "outdata_aclr_a" = "NONE"
    Info (12134): Parameter "outdata_reg_a" = "CLOCK0"
    Info (12134): Parameter "widthad_a" = "11"
    Info (12134): Parameter "width_a" = "11"
    Info (12134): Parameter "width_byteena_a" = "1"
Info (12021): Found 1 design units, including 1 entities, in source file db/altsyncram_k981.tdf
    Info (12023): Found entity 1: altsyncram_k981
Info (12128): Elaborating entity "altsyncram_k981" for hierarchy "sierra_wave:u4|altsyncram:altsyncram_component|altsyncram_k981:auto_generated"
Info (12128): Elaborating entity "triangulo_wave" for hierarchy "triangulo_wave:u5"
Info (12128): Elaborating entity "altsyncram" for hierarchy "triangulo_wave:u5|altsyncram:altsyncram_component"
Info (12130): Elaborated megafunction instantiation "triangulo_wave:u5|altsyncram:altsyncram_component"
Info (12133): Instantiated megafunction "triangulo_wave:u5|altsyncram:altsyncram_component" with the following parameter:
    Info (12134): Parameter "clock_enable_input_a" = "BYPASS"
    Info (12134): Parameter "clock_enable_output_a" = "BYPASS"
    Info (12134): Parameter "init_file" = "../../gen/triangle_lut.mif"
    Info (12134): Parameter "intended_device_family" = "Cyclone II"
    Info (12134): Parameter "lpm_hint" = "ENABLE_RUNTIME_MOD=NO"
    Info (12134): Parameter "lpm_type" = "altsyncram"
    Info (12134): Parameter "numwords_a" = "2048"
    Info (12134): Parameter "operation_mode" = "ROM"
    Info (12134): Parameter "outdata_aclr_a" = "NONE"
    Info (12134): Parameter "outdata_reg_a" = "CLOCK0"
    Info (12134): Parameter "widthad_a" = "11"
    Info (12134): Parameter "width_a" = "11"
    Info (12134): Parameter "width_byteena_a" = "1"
Info (12021): Found 1 design units, including 1 entities, in source file db/altsyncram_4g81.tdf
    Info (12023): Found entity 1: altsyncram_4g81
Info (12128): Elaborating entity "altsyncram_4g81" for hierarchy "triangulo_wave:u5|altsyncram:altsyncram_component|altsyncram_4g81:auto_generated"
Info (12128): Elaborating entity "mux" for hierarchy "mux:u6"
Info (12128): Elaborating entity "pwm" for hierarchy "pwm:u7"
Warning (10620): VHDL warning at pwm.vhd(38): comparison between unequal length operands always returns FALSE
Warning (12162): EDA synthesis tool is specified as "Custom", but Library Mapping File is not specified
Warning (12163): EDA synthesis tool is specified as "Custom", but VCC is not specified
Warning (12164): EDA synthesis tool is specified as "Custom", but GND is not specified
Info (16010): Generating hard_block partition "hard_block:auto_generated_inst"
    Info (16011): Adding 0 node(s), including 0 DDIO, 0 PLL, 0 transceiver and 0 LCELL
Warning (21074): Design contains 11 input pin(s) that do not drive logic
    Warning (15610): No output dependent on input pin "tuning[0]"
    Warning (15610): No output dependent on input pin "tuning[1]"
    Warning (15610): No output dependent on input pin "tuning[2]"
    Warning (15610): No output dependent on input pin "tuning[3]"
    Warning (15610): No output dependent on input pin "tuning[4]"
    Warning (15610): No output dependent on input pin "tuning[5]"
    Warning (15610): No output dependent on input pin "tuning[6]"
    Warning (15610): No output dependent on input pin "tuning[7]"
    Warning (15610): No output dependent on input pin "tuning[8]"
    Warning (15610): No output dependent on input pin "tuning[9]"
    Warning (15610): No output dependent on input pin "tuning[10]"
Info (21057): Implemented 119 device resources after synthesis - the final resource count might be different
    Info (21058): Implemented 15 input pins
    Info (21059): Implemented 12 output pins
    Info (21061): Implemented 59 logic cells
    Info (21064): Implemented 33 RAM segments
Info: Quartus II 64-Bit Analysis & Synthesis was successful. 0 errors, 22 warnings
    Info: Peak virtual memory: 4654 megabytes
    Info: Processing ended: Wed Nov 27 11:48:35 2024
    Info: Elapsed time: 00:00:05
    Info: Total CPU time (on all processors): 00:00:03


